<?xml version="1.0" encoding="UTF-8"?>
<!-- Generated by org.testng.reporters.JUnitReportReporter -->
<testsuite hostname="IETSMH02D098" name="student.ExternalUrlStatus" tests="2" failures="0" timestamp="8 May 2018 13:31:47 GMT" time="49.188" errors="0">
  <testcase name="GeneoStudentURL" time="35.693" classname="student.ExternalUrlStatus"/>
  <testcase name="ExplorimentsURL" time="13.495" classname="student.ExternalUrlStatus"/>
</testsuite> <!-- student.ExternalUrlStatus -->
