<?xml version="1.0" encoding="UTF-8"?>
<!-- Generated by org.testng.reporters.JUnitReportReporter -->
<testsuite hostname="IETSMH02D098" name="student.externalURL" tests="1" failures="0" timestamp="8 May 2018 13:31:33 GMT" time="34.773" errors="0">
  <testcase name="Capacityswap" time="34.773" classname="student.externalURL"/>
</testsuite> <!-- student.externalURL -->
